  GlobalMemory.cpp
  HeapManager.cpp
  main.cpp
D:\Uni\Low-Level\RayTracerFramework\RayTracerSmall\main.cpp(47,1): warning C4005: 'INFINITY': macro redefinition
C:\Program Files (x86)\Windows Kits\10\Include\10.0.18362.0\ucrt\corecrt_math.h(90): message : see previous definition of 'INFINITY'
D:\Uni\Low-Level\RayTracerFramework\RayTracerSmall\main.cpp(120,19): warning C4305: 'initializing': truncation from 'double' to 'float'
D:\Uni\Low-Level\RayTracerFramework\RayTracerSmall\main.cpp(127,60): warning C4305: 'argument': truncation from 'double' to 'const float'
D:\Uni\Low-Level\RayTracerFramework\RayTracerSmall\main.cpp(127,32): warning C4244: 'argument': conversion from 'double' to 'const float', possible loss of data
D:\Uni\Low-Level\RayTracerFramework\RayTracerSmall\main.cpp(137,19): warning C4305: 'initializing': truncation from 'double' to 'float'
D:\Uni\Low-Level\RayTracerFramework\RayTracerSmall\main.cpp(266,14): warning C4244: 'initializing': conversion from 'double' to 'float', possible loss of data
D:\Uni\Low-Level\RayTracerFramework\RayTracerSmall\main.cpp(273,13): warning C4244: 'initializing': conversion from 'double' to 'float', possible loss of data
D:\Uni\Low-Level\RayTracerFramework\RayTracerSmall\main.cpp(274,13): warning C4244: 'initializing': conversion from 'double' to 'float', possible loss of data
D:\Uni\Low-Level\RayTracerFramework\RayTracerSmall\main.cpp(309,13): warning C4244: 'initializing': conversion from 'double' to 'float', possible loss of data
D:\Uni\Low-Level\RayTracerFramework\RayTracerSmall\main.cpp(310,13): warning C4244: 'initializing': conversion from 'double' to 'float', possible loss of data
D:\Uni\Low-Level\RayTracerFramework\RayTracerSmall\main.cpp(324,14): warning C4244: 'initializing': conversion from 'double' to 'float', possible loss of data
D:\Uni\Low-Level\RayTracerFramework\RayTracerSmall\main.cpp(483,12): warning C4244: 'argument': conversion from 'time_t' to 'unsigned int', possible loss of data
  Sphere.cpp
  SpherePool.cpp
  Generating Code...
  RayTracerSmall.vcxproj -> D:\Uni\Low-Level\RayTracerFramework\RayTracerSmall\x64\Debug\RayTracerSmall.exe
